<?xml version="1.0" encoding="UTF-8"?>
<!-- Generated by org.testng.reporters.JUnitReportReporter -->
<testsuite hostname="DESKTOP-AUFBGI7" failures="0" tests="1" name="Student.Allen_plus.Allen_PlusTest" time="7.327" errors="0" timestamp="2023-04-11T13:05:43 IST" skipped="0">
  <testcase classname="Student.Allen_plus.Allen_PlusTest" name="LoginWebApp" time="7.327"/>
  <system-out>
    <![CDATA[running verifyUserName TC]]>
  </system-out>
</testsuite> <!-- Student.Allen_plus.Allen_PlusTest -->
