<?xml version="1.0" encoding="UTF-8"?>
<!-- Generated by org.testng.reporters.JUnitReportReporter -->
<testsuite hostname="DESKTOP-AUFBGI7" failures="0" tests="9" name="Student.Allen_plus.Allen_Plus_bulletinboard_Test" time="24.557" errors="0" timestamp="2023-05-10T13:31:39 IST" skipped="1">
  <testcase classname="Student.Allen_plus.Allen_Plus_bulletinboard_Test" name="verifybuletinboard" time="3.702"/>
  <system-out/>
  <testcase classname="Student.Allen_plus.Allen_Plus_bulletinboard_Test" name="verifybulletin_i_btn" time="3.755"/>
  <system-out/>
  <testcase classname="Student.Allen_plus.Allen_Plus_bulletinboard_Test" name="verifybulletinarchivednotice" time="2.194"/>
  <system-out/>
  <testcase classname="Student.Allen_plus.Allen_Plus_bulletinboard_Test" name="verifybulletinsearch" time="2.080"/>
  <system-out/>
  <testcase classname="Student.Allen_plus.Allen_Plus_bulletinboard_Test" name="verifybulletinfilter" time="4.703"/>
  <system-out/>
  <testcase classname="Student.Allen_plus.Allen_Plus_bulletinboard_Test" name="verifybulletinknoledgebase" time="2.232"/>
  <system-out/>
  <testcase classname="Student.Allen_plus.Allen_Plus_bulletinboard_Test" name="verifyknoledgebase_ibtn" time="3.821"/>
  <system-out/>
  <testcase classname="Student.Allen_plus.Allen_Plus_bulletinboard_Test" name="verifyknoledgebasesearchbox" time="2.070"/>
  <system-out/>
  <testcase classname="Student.Allen_plus.Allen_Plus_bulletinboard_Test" name="verifybulletinicon">
    <skipped/>
  </testcase> <!-- verifybulletinicon -->
  <system-out/>
</testsuite> <!-- Student.Allen_plus.Allen_Plus_bulletinboard_Test -->
