<?xml version="1.0" encoding="UTF-8"?>
<!-- Generated by org.testng.reporters.JUnitReportReporter -->
<testsuite hostname="DESKTOP-AUFBGI7" failures="0" tests="1" name="Student.Allen_plus.Allen_Plus_revision_Test" time="6.236" errors="0" timestamp="2023-04-24T19:28:46 IST" skipped="0">
  <testcase classname="Student.Allen_plus.Allen_Plus_revision_Test" name="scrollpage" time="6.236"/>
  <system-out/>
</testsuite> <!-- Student.Allen_plus.Allen_Plus_revision_Test -->
