<?xml version="1.0" encoding="UTF-8"?>
<!-- Generated by org.testng.reporters.JUnitReportReporter -->
<testsuite hostname="DESKTOP-AUFBGI7" failures="0" tests="9" name="Student.Allen_plus.Allen_Plus_bulletinboard_Test" time="24.218" errors="0" timestamp="2023-05-04T12:00:31 IST" skipped="1">
  <testcase classname="Student.Allen_plus.Allen_Plus_bulletinboard_Test" name="verifybuletinboard" time="3.724"/>
  <system-out/>
  <testcase classname="Student.Allen_plus.Allen_Plus_bulletinboard_Test" name="verifybulletin_i_btn" time="3.640"/>
  <system-out/>
  <testcase classname="Student.Allen_plus.Allen_Plus_bulletinboard_Test" name="verifybulletinarchivednotice" time="2.080"/>
  <system-out/>
  <testcase classname="Student.Allen_plus.Allen_Plus_bulletinboard_Test" name="verifybulletinsearch" time="2.119"/>
  <system-out/>
  <testcase classname="Student.Allen_plus.Allen_Plus_bulletinboard_Test" name="verifybulletinfilter" time="4.749"/>
  <system-out/>
  <testcase classname="Student.Allen_plus.Allen_Plus_bulletinboard_Test" name="verifybulletinknoledgebase" time="2.194"/>
  <system-out/>
  <testcase classname="Student.Allen_plus.Allen_Plus_bulletinboard_Test" name="verifyknoledgebase_ibtn" time="3.636"/>
  <system-out/>
  <testcase classname="Student.Allen_plus.Allen_Plus_bulletinboard_Test" name="verifyknoledgebasesearchbox" time="2.076"/>
  <system-out/>
  <testcase classname="Student.Allen_plus.Allen_Plus_bulletinboard_Test" name="verifybulletinicon">
    <skipped/>
  </testcase> <!-- verifybulletinicon -->
  <system-out/>
</testsuite> <!-- Student.Allen_plus.Allen_Plus_bulletinboard_Test -->
