<?xml version="1.0" encoding="UTF-8"?>
<!-- Generated by org.testng.reporters.JUnitReportReporter -->
<testsuite hostname="DESKTOP-AUFBGI7" failures="0" tests="1" name="Student.Allen_plus.Allen_Plus_digitalmtl_Test" time="9.697" errors="0" timestamp="2023-04-21T10:30:07 IST" skipped="0">
  <testcase classname="Student.Allen_plus.Allen_Plus_digitalmtl_Test" name="verifydigiButtonenabled_or_not" time="9.697"/>
  <system-out/>
</testsuite> <!-- Student.Allen_plus.Allen_Plus_digitalmtl_Test -->
