<?xml version="1.0" encoding="UTF-8"?>
<!-- Generated by org.testng.reporters.JUnitReportReporter -->
<testsuite hostname="DESKTOP-AUFBGI7" failures="0" tests="6" name="Student.Allen_plus.Allen_Plus_digitalmtl_Test" time="6.367" errors="0" timestamp="2023-04-26T19:24:47 IST" skipped="0">
  <testcase classname="Student.Allen_plus.Allen_Plus_digitalmtl_Test" name="verifyexersice" time="0.059"/>
  <system-out/>
  <testcase classname="Student.Allen_plus.Allen_Plus_digitalmtl_Test" name="verifymaintitle" time="0.033"/>
  <system-out/>
  <testcase classname="Student.Allen_plus.Allen_Plus_digitalmtl_Test" name="verifysearchbox" time="0.060"/>
  <system-out/>
  <testcase classname="Student.Allen_plus.Allen_Plus_digitalmtl_Test" name="validate_i_btn" time="2.995"/>
  <system-out/>
  <testcase classname="Student.Allen_plus.Allen_Plus_digitalmtl_Test" name="verifyfilter" time="0.184"/>
  <system-out/>
  <testcase classname="Student.Allen_plus.Allen_Plus_digitalmtl_Test" name="verifydigiButtonenabled_or_not" time="3.036"/>
  <system-out/>
</testsuite> <!-- Student.Allen_plus.Allen_Plus_digitalmtl_Test -->
