<?xml version="1.0" encoding="UTF-8"?>
<!-- Generated by org.testng.reporters.JUnitReportReporter -->
<testsuite hostname="DESKTOP-AUFBGI7" failures="0" tests="2" name="Student.Allen_plus.Allen_Plus_revision_Test" time="7.140" errors="0" timestamp="2023-04-26T18:24:44 IST" skipped="0">
  <testcase classname="Student.Allen_plus.Allen_Plus_revision_Test" name="verifyselectsubjectandtopic" time="7.037"/>
  <system-out/>
  <testcase classname="Student.Allen_plus.Allen_Plus_revision_Test" name="verifyrevisionbtn" time="0.103"/>
  <system-out/>
</testsuite> <!-- Student.Allen_plus.Allen_Plus_revision_Test -->
