<?xml version="1.0" encoding="UTF-8"?>
<!-- Generated by org.testng.reporters.JUnitReportReporter -->
<testsuite hostname="DESKTOP-AUFBGI7" failures="0" tests="23" name="Student.Allen_plus.Allen_Plus_support_Test" time="25.368" errors="0" timestamp="2023-06-28T12:01:24 IST" skipped="1">
  <testcase classname="Student.Allen_plus.Allen_Plus_support_Test" name="verifySupport_isenabled_orNOT" time="2.412"/>
  <system-out/>
  <testcase classname="Student.Allen_plus.Allen_Plus_support_Test" name="verifysupporttextprint" time="0.080"/>
  <system-out/>
  <testcase classname="Student.Allen_plus.Allen_Plus_support_Test" name="verifySupport_ibtn_open_and_close" time="1.222"/>
  <system-out/>
  <testcase classname="Student.Allen_plus.Allen_Plus_support_Test" name="verifySupportAccessReqReward" time="1.198"/>
  <system-out/>
  <testcase classname="Student.Allen_plus.Allen_Plus_support_Test" name="verifySupportAskDoubt" time="1.047"/>
  <system-out/>
  <testcase classname="Student.Allen_plus.Allen_Plus_support_Test" name="verifySupportAskMentor" time="1.066"/>
  <system-out/>
  <testcase classname="Student.Allen_plus.Allen_Plus_support_Test" name="verifySupportBroadcast" time="1.077"/>
  <system-out/>
  <testcase classname="Student.Allen_plus.Allen_Plus_support_Test" name="verifySupportDigitalMaterial" time="1.149"/>
  <system-out/>
  <testcase classname="Student.Allen_plus.Allen_Plus_support_Test" name="verifySupportExerciseSolution" time="1.651"/>
  <system-out/>
  <testcase classname="Student.Allen_plus.Allen_Plus_support_Test" name="verifySupportFeedback" time="2.634"/>
  <system-out/>
  <testcase classname="Student.Allen_plus.Allen_Plus_support_Test" name="verifySupportHomeWork" time="1.131"/>
  <system-out/>
  <testcase classname="Student.Allen_plus.Allen_Plus_support_Test" name="verifySupportLiveClass" time="1.153"/>
  <system-out/>
  <testcase classname="Student.Allen_plus.Allen_Plus_support_Test" name="verifySupportMyNotes" time="1.050"/>
  <system-out/>
  <testcase classname="Student.Allen_plus.Allen_Plus_support_Test" name="verifySupportOther" time="1.112"/>
  <system-out/>
  <testcase classname="Student.Allen_plus.Allen_Plus_support_Test" name="verifySupportTestReports" time="1.071"/>
  <system-out/>
  <testcase classname="Student.Allen_plus.Allen_Plus_support_Test" name="verifySupportsearcText" time="0.063"/>
  <system-out/>
  <testcase classname="Student.Allen_plus.Allen_Plus_support_Test" name="verifyclickSupportMyPreviousIssues" time="1.655"/>
  <system-out/>
  <testcase classname="Student.Allen_plus.Allen_Plus_support_Test" name="verifySupportclosedpreviousissue" time="0.168"/>
  <system-out/>
  <testcase classname="Student.Allen_plus.Allen_Plus_support_Test" name="verifySupportfilter" time="0.145"/>
  <system-out/>
  <testcase classname="Student.Allen_plus.Allen_Plus_support_Test" name="verifySupportnewissue" time="1.762"/>
  <system-out/>
  <testcase classname="Student.Allen_plus.Allen_Plus_support_Test" name="verifySupportissuepageback" time="1.246"/>
  <system-out/>
  <testcase classname="Student.Allen_plus.Allen_Plus_support_Test" name="verifySupportAksyourissueonmainpage" time="1.276"/>
  <system-out/>
  <testcase classname="Student.Allen_plus.Allen_Plus_support_Test" name="verifyallendigimanuallogo">
    <skipped/>
  </testcase> <!-- verifyallendigimanuallogo -->
  <system-out/>
</testsuite> <!-- Student.Allen_plus.Allen_Plus_support_Test -->
