<?xml version="1.0" encoding="UTF-8"?>
<!-- Generated by org.testng.reporters.JUnitReportReporter -->
<testsuite hostname="DESKTOP-AUFBGI7" failures="0" tests="1" name="Student.Allen_plus.Allen_Plus_rateus_Test" time="7.092" errors="0" timestamp="2023-05-05T16:05:50 IST" skipped="0">
  <testcase classname="Student.Allen_plus.Allen_Plus_rateus_Test" name="verifyRateUs" time="7.092"/>
  <system-out/>
</testsuite> <!-- Student.Allen_plus.Allen_Plus_rateus_Test -->
