<?xml version="1.0" encoding="UTF-8"?>
<!-- Generated by org.testng.reporters.JUnitReportReporter -->
<testsuite hostname="DESKTOP-AUFBGI7" failures="0" tests="3" name="Student.Allen_plus.Alln_pluslogintest" time="1.081" errors="0" timestamp="2023-06-28T12:12:37 IST" skipped="0">
  <testcase classname="Student.Allen_plus.Alln_pluslogintest" name="verifyloginpageforgotpassword" time="0.034"/>
  <system-out/>
  <testcase classname="Student.Allen_plus.Alln_pluslogintest" name="verifyloginbtn_enabled_or_notwithoutcredentials" time="0.947"/>
  <system-out/>
  <testcase classname="Student.Allen_plus.Alln_pluslogintest" name="verifyloginpageADlogo" time="0.100"/>
  <system-out/>
</testsuite> <!-- Student.Allen_plus.Alln_pluslogintest -->
