<?xml version="1.0" encoding="UTF-8"?>
<!-- Generated by org.testng.reporters.JUnitReportReporter -->
<testsuite hostname="DESKTOP-AUFBGI7" failures="0" tests="3" name="Student.Allen_plus.Allen_Plus_recordedcontent_Test" time="10.192" errors="0" timestamp="2023-05-03T17:08:50 IST" skipped="0">
  <testcase classname="Student.Allen_plus.Allen_Plus_recordedcontent_Test" name="verifyrevisionbtn" time="0.181"/>
  <system-out/>
  <testcase classname="Student.Allen_plus.Allen_Plus_recordedcontent_Test" name="verifyvideo" time="5.713"/>
  <system-out/>
  <testcase classname="Student.Allen_plus.Allen_Plus_recordedcontent_Test" name="verifyselectsubjectandtopic" time="4.298"/>
  <system-out/>
</testsuite> <!-- Student.Allen_plus.Allen_Plus_recordedcontent_Test -->
