<?xml version="1.0" encoding="UTF-8"?>
<!-- Generated by org.testng.reporters.JUnitReportReporter -->
<testsuite hostname="DESKTOP-AUFBGI7" failures="0" tests="21" name="Student.Allen_plus.Allen_PlusscheduleTest" time="8.549" errors="1" timestamp="2023-05-15T15:11:33 IST" skipped="20">
  <testcase classname="Student.Allen_plus.Allen_PlusscheduleTest" name="Verifyprofilename" time="0.000">
    <skipped/>
  </testcase> <!-- Verifyprofilename -->
  <system-out/>
  <testcase classname="Student.Allen_plus.Allen_PlusscheduleTest" name="verifylogoisdisplyed_or_not" time="0.000">
    <skipped/>
  </testcase> <!-- verifylogoisdisplyed_or_not -->
  <system-out/>
  <testcase classname="Student.Allen_plus.Allen_PlusscheduleTest" name="verifyclassisScheduledORnot" time="0.000">
    <skipped/>
  </testcase> <!-- verifyclassisScheduledORnot -->
  <system-out/>
  <testcase classname="Student.Allen_plus.Allen_PlusscheduleTest" name="Setup" time="8.549">
    <error message="unexpected alert open: {Alert text : }
  (Session info: chrome=113.0.5672.93): {Alert text : 
Build info: version: &#039;4.8.3&#039;, revision: &#039;e5e76298c3&#039;
System info: os.name: &#039;Windows 10&#039;, os.arch: &#039;amd64&#039;, os.version: &#039;10.0&#039;, java.version: &#039;11.0.18&#039;
Driver info: org.openqa.selenium.chrome.ChromeDriver
Command: [cfc60b116f9db6437cecc57992b80bfb, refresh {}]
Capabilities {acceptInsecureCerts: false, browserName: chrome, browserVersion: 113.0.5672.93, chrome: {chromedriverVersion: 113.0.5672.63 (0e1a4471d5ae..., userDataDir: C:\Users\ginger\AppData\Loc...}, goog:chromeOptions: {debuggerAddress: localhost:65216}, networkConnectionEnabled: false, pageLoadStrategy: normal, platformName: WINDOWS, proxy: Proxy(), se:cdp: ws://localhost:65216/devtoo..., se:cdpVersion: 113.0.5672.93, setWindowRect: true, strictFileInteractability: false, timeouts: {implicit: 0, pageLoad: 300000, script: 30000}, unhandledPromptBehavior: dismiss and notify, webauthn:extension:credBlob: true, webauthn:extension:largeBlob: true, webauthn:extension:minPinLength: true, webauthn:extension:prf: true, webauthn:virtualAuthenticators: true}
Session ID: cfc60b116f9db6437cecc57992b80bfb" type="org.openqa.selenium.UnhandledAlertException">
      <![CDATA[org.openqa.selenium.UnhandledAlertException: unexpected alert open: {Alert text : }
  (Session info: chrome=113.0.5672.93): {Alert text : 
Build info: version: '4.8.3', revision: 'e5e76298c3'
System info: os.name: 'Windows 10', os.arch: 'amd64', os.version: '10.0', java.version: '11.0.18'
Driver info: org.openqa.selenium.chrome.ChromeDriver
Command: [cfc60b116f9db6437cecc57992b80bfb, refresh {}]
Capabilities {acceptInsecureCerts: false, browserName: chrome, browserVersion: 113.0.5672.93, chrome: {chromedriverVersion: 113.0.5672.63 (0e1a4471d5ae..., userDataDir: C:\Users\ginger\AppData\Loc...}, goog:chromeOptions: {debuggerAddress: localhost:65216}, networkConnectionEnabled: false, pageLoadStrategy: normal, platformName: WINDOWS, proxy: Proxy(), se:cdp: ws://localhost:65216/devtoo..., se:cdpVersion: 113.0.5672.93, setWindowRect: true, strictFileInteractability: false, timeouts: {implicit: 0, pageLoad: 300000, script: 30000}, unhandledPromptBehavior: dismiss and notify, webauthn:extension:credBlob: true, webauthn:extension:largeBlob: true, webauthn:extension:minPinLength: true, webauthn:extension:prf: true, webauthn:virtualAuthenticators: true}
Session ID: cfc60b116f9db6437cecc57992b80bfb
at org.openqa.selenium.remote.codec.w3c.W3CHttpResponseCodec.decode(W3CHttpResponseCodec.java:131)
at org.openqa.selenium.remote.codec.w3c.W3CHttpResponseCodec.decode(W3CHttpResponseCodec.java:53)
at org.openqa.selenium.remote.HttpCommandExecutor.execute(HttpCommandExecutor.java:193)
at org.openqa.selenium.remote.service.DriverCommandExecutor.invokeExecute(DriverCommandExecutor.java:183)
at org.openqa.selenium.remote.service.DriverCommandExecutor.execute(DriverCommandExecutor.java:158)
at org.openqa.selenium.remote.RemoteWebDriver.execute(RemoteWebDriver.java:543)
at org.openqa.selenium.remote.RemoteWebDriver.execute(RemoteWebDriver.java:598)
at org.openqa.selenium.remote.RemoteWebDriver.execute(RemoteWebDriver.java:602)
at org.openqa.selenium.remote.RemoteWebDriver$RemoteNavigation.refresh(RemoteWebDriver.java:992)
at Student.Allen_plus.Allen_PlusscheduleTest.Setup(Allen_PlusscheduleTest.java:49)
at java.base/jdk.internal.reflect.NativeMethodAccessorImpl.invoke0(Native Method)
at java.base/jdk.internal.reflect.NativeMethodAccessorImpl.invoke(NativeMethodAccessorImpl.java:62)
at java.base/jdk.internal.reflect.DelegatingMethodAccessorImpl.invoke(DelegatingMethodAccessorImpl.java:43)
at java.base/java.lang.reflect.Method.invoke(Method.java:566)
at org.testng.internal.MethodInvocationHelper.invokeMethod(MethodInvocationHelper.java:133)
at org.testng.internal.MethodInvocationHelper.invokeMethodConsideringTimeout(MethodInvocationHelper.java:62)
at org.testng.internal.ConfigInvoker.invokeConfigurationMethod(ConfigInvoker.java:385)
at org.testng.internal.ConfigInvoker.invokeConfigurations(ConfigInvoker.java:321)
at org.testng.internal.TestMethodWorker.invokeBeforeClassMethods(TestMethodWorker.java:176)
at org.testng.internal.TestMethodWorker.run(TestMethodWorker.java:122)
at java.base/java.util.ArrayList.forEach(ArrayList.java:1541)
at org.testng.TestRunner.privateRun(TestRunner.java:794)
at org.testng.TestRunner.run(TestRunner.java:596)
at org.testng.SuiteRunner.runTest(SuiteRunner.java:377)
at org.testng.SuiteRunner.runSequentially(SuiteRunner.java:371)
at org.testng.SuiteRunner.privateRun(SuiteRunner.java:332)
at org.testng.SuiteRunner.run(SuiteRunner.java:276)
at org.testng.SuiteRunnerWorker.runSuite(SuiteRunnerWorker.java:53)
at org.testng.SuiteRunnerWorker.run(SuiteRunnerWorker.java:96)
at org.testng.TestNG.runSuitesSequentially(TestNG.java:1212)
at org.testng.TestNG.runSuitesLocally(TestNG.java:1134)
at org.testng.TestNG.runSuites(TestNG.java:1063)
at org.testng.TestNG.run(TestNG.java:1031)
at org.testng.remote.AbstractRemoteTestNG.run(AbstractRemoteTestNG.java:115)
at org.testng.remote.RemoteTestNG.initAndRun(RemoteTestNG.java:251)
at org.testng.remote.RemoteTestNG.main(RemoteTestNG.java:77)
]]>
    </error>
  </testcase> <!-- Setup -->
  <system-out/>
  <testcase classname="Student.Allen_plus.Allen_PlusscheduleTest" name="verifystreamename" time="0.000">
    <skipped/>
  </testcase> <!-- verifystreamename -->
  <system-out/>
  <testcase classname="Student.Allen_plus.Allen_PlusscheduleTest" name="varifyschedule" time="0.000">
    <skipped/>
  </testcase> <!-- varifyschedule -->
  <system-out/>
  <testcase classname="Student.Allen_plus.Allen_PlusscheduleTest" name="verifybatchname" time="0.000">
    <skipped/>
  </testcase> <!-- verifybatchname -->
  <system-out/>
  <testcase classname="Student.Allen_plus.Allen_PlusscheduleTest" name="verifynoticationbell" time="0.000">
    <skipped/>
  </testcase> <!-- verifynoticationbell -->
  <system-out/>
  <testcase classname="Student.Allen_plus.Allen_PlusscheduleTest" name="verifyNotificatontext" time="0.000">
    <skipped/>
  </testcase> <!-- verifyNotificatontext -->
  <system-out/>
  <testcase classname="Student.Allen_plus.Allen_PlusscheduleTest" name="verify_i_button" time="0.000">
    <skipped/>
  </testcase> <!-- verify_i_button -->
  <system-out/>
  <testcase classname="Student.Allen_plus.Allen_PlusscheduleTest" name="verifygreetingmsg" time="0.000">
    <skipped/>
  </testcase> <!-- verifygreetingmsg -->
  <system-out/>
  <testcase classname="Student.Allen_plus.Allen_PlusscheduleTest" name="verifycurrentdate" time="0.000">
    <skipped/>
  </testcase> <!-- verifycurrentdate -->
  <system-out/>
  <testcase classname="Student.Allen_plus.Allen_PlusscheduleTest" name="verifyyourclass" time="0.000">
    <skipped/>
  </testcase> <!-- verifyyourclass -->
  <system-out/>
  <testcase classname="Student.Allen_plus.Allen_PlusscheduleTest" name="verifytodaybtn" time="0.000">
    <skipped/>
  </testcase> <!-- verifytodaybtn -->
  <system-out/>
  <testcase classname="Student.Allen_plus.Allen_PlusscheduleTest" name="verifyaccesreq" time="0.000">
    <skipped/>
  </testcase> <!-- verifyaccesreq -->
  <system-out/>
  <testcase classname="Student.Allen_plus.Allen_PlusscheduleTest" name="validateappversion" time="0.000">
    <skipped/>
  </testcase> <!-- validateappversion -->
  <system-out/>
  <testcase classname="Student.Allen_plus.Allen_PlusscheduleTest" name="verifycalendervisible_or_not" time="0.000">
    <skipped/>
  </testcase> <!-- verifycalendervisible_or_not -->
  <system-out/>
  <testcase classname="Student.Allen_plus.Allen_PlusscheduleTest" name="verifyhomepageimage" time="0.000">
    <skipped/>
  </testcase> <!-- verifyhomepageimage -->
  <system-out/>
  <testcase classname="Student.Allen_plus.Allen_PlusscheduleTest" name="verifysettingdropdown" time="0.000">
    <skipped/>
  </testcase> <!-- verifysettingdropdown -->
  <system-out/>
  <testcase classname="Student.Allen_plus.Allen_PlusscheduleTest" name="verifybackbtn" time="0.000">
    <skipped/>
  </testcase> <!-- verifybackbtn -->
  <system-out/>
  <testcase classname="Student.Allen_plus.Allen_PlusscheduleTest" name="verifyrdeempoint" time="0.000">
    <skipped/>
  </testcase> <!-- verifyrdeempoint -->
  <system-out/>
</testsuite> <!-- Student.Allen_plus.Allen_PlusscheduleTest -->
