<?xml version="1.0" encoding="UTF-8"?>
<!-- Generated by org.testng.reporters.JUnitReportReporter -->
<testsuite hostname="DESKTOP-AUFBGI7" failures="0" tests="3" name="Student.Allen_plus.Allen_Plus_feedback_Test" time="2.647" errors="0" timestamp="2023-06-28T12:01:24 IST" skipped="2">
  <testcase classname="Student.Allen_plus.Allen_Plus_feedback_Test" name="verifyfeedback" time="2.647"/>
  <system-out/>
  <testcase classname="Student.Allen_plus.Allen_Plus_feedback_Test" name="verifyfeedbackibtn">
    <skipped/>
  </testcase> <!-- verifyfeedbackibtn -->
  <system-out/>
  <testcase classname="Student.Allen_plus.Allen_Plus_feedback_Test" name="verifyfeedbackopen">
    <skipped/>
  </testcase> <!-- verifyfeedbackopen -->
  <system-out/>
</testsuite> <!-- Student.Allen_plus.Allen_Plus_feedback_Test -->
