<?xml version="1.0" encoding="UTF-8"?>
<!-- Generated by org.testng.reporters.JUnitReportReporter -->
<testsuite hostname="DESKTOP-AUFBGI7" failures="0" tests="1" name="Student.Allen_plus.Allen_Plus_blog_Test" time="3.005" errors="0" timestamp="2023-06-28T12:01:24 IST" skipped="0">
  <testcase classname="Student.Allen_plus.Allen_Plus_blog_Test" name="verifyBlogg" time="3.005"/>
  <system-out/>
</testsuite> <!-- Student.Allen_plus.Allen_Plus_blog_Test -->
