<?xml version="1.0" encoding="UTF-8"?>
<!-- Generated by org.testng.reporters.JUnitReportReporter -->
<testsuite hostname="DESKTOP-AUFBGI7" failures="0" tests="16" name="Student.Allen_plus.Allen_Plus_doubtsolution_Test" time="47.967" errors="0" timestamp="2023-05-02T12:28:27 IST" skipped="0">
  <testcase classname="Student.Allen_plus.Allen_Plus_doubtsolution_Test" name="verifydoubtsolution" time="4.013"/>
  <system-out/>
  <testcase classname="Student.Allen_plus.Allen_Plus_doubtsolution_Test" name="verify_i_btn" time="1.648"/>
  <system-out/>
  <testcase classname="Student.Allen_plus.Allen_Plus_doubtsolution_Test" name="verifyaksdoubtbtn" time="4.792"/>
  <system-out/>
  <testcase classname="Student.Allen_plus.Allen_Plus_doubtsolution_Test" name="verifyfilter" time="0.091"/>
  <system-out/>
  <testcase classname="Student.Allen_plus.Allen_Plus_doubtsolution_Test" name="verifyunresolvedoubt" time="0.043"/>
  <system-out/>
  <testcase classname="Student.Allen_plus.Allen_Plus_doubtsolution_Test" name="verifyunresolvedwithsolution" time="0.042"/>
  <system-out/>
  <testcase classname="Student.Allen_plus.Allen_Plus_doubtsolution_Test" name="verifyresolvddoubts" time="0.047"/>
  <system-out/>
  <testcase classname="Student.Allen_plus.Allen_Plus_doubtsolution_Test" name="verifyBrodcast" time="0.047"/>
  <system-out/>
  <testcase classname="Student.Allen_plus.Allen_Plus_doubtsolution_Test" name="verifyBrodcast_i_btn" time="4.958"/>
  <system-out/>
  <testcase classname="Student.Allen_plus.Allen_Plus_doubtsolution_Test" name="verifysavedBrodcast" time="0.417"/>
  <system-out/>
  <testcase classname="Student.Allen_plus.Allen_Plus_doubtsolution_Test" name="verifyexercise" time="4.088"/>
  <system-out/>
  <testcase classname="Student.Allen_plus.Allen_Plus_doubtsolution_Test" name="verifyibtn" time="1.626"/>
  <system-out/>
  <testcase classname="Student.Allen_plus.Allen_Plus_doubtsolution_Test" name="verifyexercisesubject" time="1.708"/>
  <system-out/>
  <testcase classname="Student.Allen_plus.Allen_Plus_doubtsolution_Test" name="verifyexercisetopic" time="1.598"/>
  <system-out/>
  <testcase classname="Student.Allen_plus.Allen_Plus_doubtsolution_Test" name="verifyexerciseapply" time="7.108"/>
  <system-out/>
  <testcase classname="Student.Allen_plus.Allen_Plus_doubtsolution_Test" name="verifyrace" time="15.741"/>
  <system-out/>
</testsuite> <!-- Student.Allen_plus.Allen_Plus_doubtsolution_Test -->
