<?xml version="1.0" encoding="UTF-8"?>
<!-- Generated by org.testng.reporters.JUnitReportReporter -->
<testsuite hostname="DESKTOP-AUFBGI7" failures="0" tests="4" name="Student.Allen_plus.Allen_Plus_myassets_Test" time="4.139" errors="0" timestamp="2023-05-04T18:04:52 IST" skipped="0">
  <testcase classname="Student.Allen_plus.Allen_Plus_myassets_Test" name="verifyMyAssets" time="0.160"/>
  <system-out/>
  <testcase classname="Student.Allen_plus.Allen_Plus_myassets_Test" name="verifyMynotes" time="1.378"/>
  <system-out/>
  <testcase classname="Student.Allen_plus.Allen_Plus_myassets_Test" name="verifyMynotesfilter" time="1.283"/>
  <system-out/>
  <testcase classname="Student.Allen_plus.Allen_Plus_myassets_Test" name="verifyMyHomework" time="1.318"/>
  <system-out/>
</testsuite> <!-- Student.Allen_plus.Allen_Plus_myassets_Test -->
