<?xml version="1.0" encoding="UTF-8"?>
<!-- Generated by org.testng.reporters.JUnitReportReporter -->
<testsuite hostname="DESKTOP-AUFBGI7" failures="0" tests="3" name="Student.Allen_plus.Allen_Plus_recordedcontent_Test" time="23.570" errors="0" timestamp="2023-06-28T12:01:24 IST" skipped="0">
  <testcase classname="Student.Allen_plus.Allen_Plus_recordedcontent_Test" name="verifyrecordedcontentbtn" time="0.408"/>
  <system-out/>
  <testcase classname="Student.Allen_plus.Allen_Plus_recordedcontent_Test" name="verifyrecordedcontentvideo" time="10.776"/>
  <system-out/>
  <testcase classname="Student.Allen_plus.Allen_Plus_recordedcontent_Test" name="verifyrecordedcontentselectsubjectandtopic" time="12.386"/>
  <system-out/>
</testsuite> <!-- Student.Allen_plus.Allen_Plus_recordedcontent_Test -->
