<?xml version="1.0" encoding="UTF-8"?>
<!-- Generated by org.testng.reporters.JUnitReportReporter -->
<testsuite hostname="DESKTOP-AUFBGI7" failures="0" tests="3" name="Student.Allen_plus.Allen_Plus_recordedcontent_Test" time="10.763" errors="0" timestamp="2023-05-08T11:53:43 IST" skipped="0">
  <testcase classname="Student.Allen_plus.Allen_Plus_recordedcontent_Test" name="verifyrevisionbtn" time="0.320"/>
  <system-out/>
  <testcase classname="Student.Allen_plus.Allen_Plus_recordedcontent_Test" name="verifyvideo" time="5.804"/>
  <system-out/>
  <testcase classname="Student.Allen_plus.Allen_Plus_recordedcontent_Test" name="verifyselectsubjectandtopic" time="4.639"/>
  <system-out/>
</testsuite> <!-- Student.Allen_plus.Allen_Plus_recordedcontent_Test -->
