<?xml version="1.0" encoding="UTF-8"?>
<!-- Generated by org.testng.reporters.JUnitReportReporter -->
<testsuite hostname="DESKTOP-AUFBGI7" failures="0" tests="1" name="Student.Allen_plus.Allen_PlusTest1" time="6.574" errors="0" timestamp="2023-04-12T12:35:49 IST" skipped="0">
  <testcase classname="Student.Allen_plus.Allen_PlusTest1" name="verifydigiButtonenabled_or_not" time="6.574"/>
  <system-out/>
</testsuite> <!-- Student.Allen_plus.Allen_PlusTest1 -->
