<?xml version="1.0" encoding="UTF-8"?>
<!-- Generated by org.testng.reporters.JUnitReportReporter -->
<testsuite hostname="DESKTOP-AUFBGI7" failures="0" tests="4" name="Student.Allen_plus.Allen_Plus_myassets_Test" time="4.803" errors="0" timestamp="2023-05-08T11:52:08 IST" skipped="0">
  <testcase classname="Student.Allen_plus.Allen_Plus_myassets_Test" name="verifyMyAssets" time="0.594"/>
  <system-out/>
  <testcase classname="Student.Allen_plus.Allen_Plus_myassets_Test" name="verifyMynotes" time="1.323"/>
  <system-out/>
  <testcase classname="Student.Allen_plus.Allen_Plus_myassets_Test" name="verifyMynotesfilter" time="1.427"/>
  <system-out/>
  <testcase classname="Student.Allen_plus.Allen_Plus_myassets_Test" name="verifyMyHomework" time="1.459"/>
  <system-out/>
</testsuite> <!-- Student.Allen_plus.Allen_Plus_myassets_Test -->
