<?xml version="1.0" encoding="UTF-8"?>
<!-- Generated by org.testng.reporters.JUnitReportReporter -->
<testsuite hostname="DESKTOP-AUFBGI7" failures="0" tests="9" name="Student.Allen_plus.Allen_Plus_bulletinboard_Test" time="25.439" errors="0" timestamp="2023-06-28T12:01:24 IST" skipped="1">
  <testcase classname="Student.Allen_plus.Allen_Plus_bulletinboard_Test" name="verifybuletinboard" time="4.602"/>
  <system-out/>
  <testcase classname="Student.Allen_plus.Allen_Plus_bulletinboard_Test" name="verifybulletin_i_btn" time="3.855"/>
  <system-out/>
  <testcase classname="Student.Allen_plus.Allen_Plus_bulletinboard_Test" name="verifybulletinarchivednotice" time="2.174"/>
  <system-out/>
  <testcase classname="Student.Allen_plus.Allen_Plus_bulletinboard_Test" name="verifybulletinsearch" time="2.028"/>
  <system-out/>
  <testcase classname="Student.Allen_plus.Allen_Plus_bulletinboard_Test" name="verifybulletinfilter" time="4.703"/>
  <system-out/>
  <testcase classname="Student.Allen_plus.Allen_Plus_bulletinboard_Test" name="verifybulletinknoledgebase" time="2.154"/>
  <system-out/>
  <testcase classname="Student.Allen_plus.Allen_Plus_bulletinboard_Test" name="verifybulletinknoledgebase_ibtn" time="3.854"/>
  <system-out/>
  <testcase classname="Student.Allen_plus.Allen_Plus_bulletinboard_Test" name="verifybulletinknoledgebasesearchbox" time="2.069"/>
  <system-out/>
  <testcase classname="Student.Allen_plus.Allen_Plus_bulletinboard_Test" name="verifybulletinicon">
    <skipped/>
  </testcase> <!-- verifybulletinicon -->
  <system-out/>
</testsuite> <!-- Student.Allen_plus.Allen_Plus_bulletinboard_Test -->
