<?xml version="1.0" encoding="UTF-8"?>
<!-- Generated by org.testng.reporters.JUnitReportReporter -->
<testsuite hostname="DESKTOP-AUFBGI7" failures="0" tests="20" name="Student.Allen_plus.Allen_Plus_doubtsolution_Test" time="60.901" errors="0" timestamp="2023-06-28T12:01:24 IST" skipped="0">
  <testcase classname="Student.Allen_plus.Allen_Plus_doubtsolution_Test" name="verifydoubtsolution" time="4.342"/>
  <system-out/>
  <testcase classname="Student.Allen_plus.Allen_Plus_doubtsolution_Test" name="verifydoubtsolution_i_btn" time="1.731"/>
  <system-out/>
  <testcase classname="Student.Allen_plus.Allen_Plus_doubtsolution_Test" name="verifydoubtsolutionaksdoubtbtn" time="6.707"/>
  <system-out/>
  <testcase classname="Student.Allen_plus.Allen_Plus_doubtsolution_Test" name="verifydoubtsolutionfilter" time="1.691"/>
  <system-out/>
  <testcase classname="Student.Allen_plus.Allen_Plus_doubtsolution_Test" name="verifyunresolvedoubt" time="1.089"/>
  <system-out/>
  <testcase classname="Student.Allen_plus.Allen_Plus_doubtsolution_Test" name="verifydoubtsolutionunresolvedwithsolution" time="1.155"/>
  <system-out/>
  <testcase classname="Student.Allen_plus.Allen_Plus_doubtsolution_Test" name="verifydoubtsolutionresolvddoubts" time="0.099"/>
  <system-out/>
  <testcase classname="Student.Allen_plus.Allen_Plus_doubtsolution_Test" name="verifydoubtsolutionBrodcast" time="1.648"/>
  <system-out/>
  <testcase classname="Student.Allen_plus.Allen_Plus_doubtsolution_Test" name="verifydoubtsolutionBrodcast_i_btn" time="5.585"/>
  <system-out/>
  <testcase classname="Student.Allen_plus.Allen_Plus_doubtsolution_Test" name="verifydoubtsolutionsavedBrodcast" time="1.145"/>
  <system-out/>
  <testcase classname="Student.Allen_plus.Allen_Plus_doubtsolution_Test" name="verifydoubtsolutionexercise" time="2.655"/>
  <system-out/>
  <testcase classname="Student.Allen_plus.Allen_Plus_doubtsolution_Test" name="verifydoubtsolutionibtn" time="1.772"/>
  <system-out/>
  <testcase classname="Student.Allen_plus.Allen_Plus_doubtsolution_Test" name="verifydoubtsolutionexercisesubject" time="1.726"/>
  <system-out/>
  <testcase classname="Student.Allen_plus.Allen_Plus_doubtsolution_Test" name="verifydoubtsolutionexercisetopic" time="1.683"/>
  <system-out/>
  <testcase classname="Student.Allen_plus.Allen_Plus_doubtsolution_Test" name="verifydoubtsolutionexerciseapply" time="9.698"/>
  <system-out/>
  <testcase classname="Student.Allen_plus.Allen_Plus_doubtsolution_Test" name="verifydoubtsolutionrace" time="1.712"/>
  <system-out/>
  <testcase classname="Student.Allen_plus.Allen_Plus_doubtsolution_Test" name="verifydoubtsolutionraceibtn" time="1.779"/>
  <system-out/>
  <testcase classname="Student.Allen_plus.Allen_Plus_doubtsolution_Test" name="verifydoubtsolutionracesubject" time="1.735"/>
  <system-out/>
  <testcase classname="Student.Allen_plus.Allen_Plus_doubtsolution_Test" name="verifydoubtsolutionracetopic" time="1.632"/>
  <system-out/>
  <testcase classname="Student.Allen_plus.Allen_Plus_doubtsolution_Test" name="verifydoubtsolutionraceracevideo" time="11.317"/>
  <system-out/>
</testsuite> <!-- Student.Allen_plus.Allen_Plus_doubtsolution_Test -->
