<?xml version="1.0" encoding="UTF-8"?>
<!-- Generated by org.testng.reporters.JUnitReportReporter -->
<testsuite hostname="DESKTOP-AUFBGI7" failures="0" tests="2" name="Student.Allen_plus.Allen_Plus_quiz_Test" time="2.191" errors="0" timestamp="2023-06-28T12:01:24 IST" skipped="0">
  <testcase classname="Student.Allen_plus.Allen_Plus_quiz_Test" name="verifyquiz" time="0.744"/>
  <system-out/>
  <testcase classname="Student.Allen_plus.Allen_Plus_quiz_Test" name="verifyquizibtn" time="1.447"/>
  <system-out/>
</testsuite> <!-- Student.Allen_plus.Allen_Plus_quiz_Test -->
