<?xml version="1.0" encoding="UTF-8"?>
<!-- Generated by org.testng.reporters.JUnitReportReporter -->
<testsuite hostname="DESKTOP-AUFBGI7" failures="0" tests="1" name="Student.Allen_plus.Allen_Plus_blog_Test" time="7.541" errors="0" timestamp="2023-05-10T13:30:45 IST" skipped="0">
  <testcase classname="Student.Allen_plus.Allen_Plus_blog_Test" name="verifyBlogg" time="7.541"/>
  <system-out/>
</testsuite> <!-- Student.Allen_plus.Allen_Plus_blog_Test -->
