<?xml version="1.0" encoding="UTF-8"?>
<!-- Generated by org.testng.reporters.JUnitReportReporter -->
<testsuite hostname="DESKTOP-AUFBGI7" failures="0" tests="2" name="Student.Allen_plus.Allen_Plus_quiz_Test" time="1.550" errors="0" timestamp="2023-05-04T17:21:31 IST" skipped="0">
  <testcase classname="Student.Allen_plus.Allen_Plus_quiz_Test" name="verifyquiz" time="0.231"/>
  <system-out/>
  <testcase classname="Student.Allen_plus.Allen_Plus_quiz_Test" name="verifyquizibtn" time="1.319"/>
  <system-out/>
</testsuite> <!-- Student.Allen_plus.Allen_Plus_quiz_Test -->
