<?xml version="1.0" encoding="UTF-8"?>
<!-- Generated by org.testng.reporters.JUnitReportReporter -->
<testsuite hostname="DESKTOP-AUFBGI7" failures="0" tests="2" name="Student.Allen_plus.Allen_Plus_feedback_Test" time="3.240" errors="0" timestamp="2023-05-04T18:30:12 IST" skipped="0">
  <testcase classname="Student.Allen_plus.Allen_Plus_feedback_Test" name="verifyfeedback" time="2.133"/>
  <system-out/>
  <testcase classname="Student.Allen_plus.Allen_Plus_feedback_Test" name="verifyfeedbackibtn" time="1.107"/>
  <system-out/>
</testsuite> <!-- Student.Allen_plus.Allen_Plus_feedback_Test -->
