<?xml version="1.0" encoding="UTF-8"?>
<!-- Generated by org.testng.reporters.JUnitReportReporter -->
<testsuite hostname="DESKTOP-AUFBGI7" failures="0" tests="20" name="Student.Allen_plus.Allen_PlusscheduleTest" time="20.141" errors="0" timestamp="2023-05-05T11:42:20 IST" skipped="0">
  <testcase classname="Student.Allen_plus.Allen_PlusscheduleTest" name="verify_i_button" time="0.206"/>
  <system-out/>
  <testcase classname="Student.Allen_plus.Allen_PlusscheduleTest" name="verifycurrentdate" time="0.033"/>
  <system-out/>
  <testcase classname="Student.Allen_plus.Allen_PlusscheduleTest" name="verifyrdeempoint" time="1.693"/>
  <system-out/>
  <testcase classname="Student.Allen_plus.Allen_PlusscheduleTest" name="verifyaccesreq" time="2.273"/>
  <system-out/>
  <testcase classname="Student.Allen_plus.Allen_PlusscheduleTest" name="Verifyprofilename" time="1.695"/>
  <system-out/>
  <testcase classname="Student.Allen_plus.Allen_PlusscheduleTest" name="validateappversion" time="0.033"/>
  <system-out/>
  <testcase classname="Student.Allen_plus.Allen_PlusscheduleTest" name="varifyschedule" time="0.057"/>
  <system-out/>
  <testcase classname="Student.Allen_plus.Allen_PlusscheduleTest" name="verifylogoisdisplyed_or_not" time="0.032"/>
  <system-out/>
  <testcase classname="Student.Allen_plus.Allen_PlusscheduleTest" name="verifybatchname" time="0.098"/>
  <system-out/>
  <testcase classname="Student.Allen_plus.Allen_PlusscheduleTest" name="verifyyourclass" time="8.105"/>
  <system-out/>
  <testcase classname="Student.Allen_plus.Allen_PlusscheduleTest" name="verifybackbtn" time="2.307"/>
  <system-out/>
  <testcase classname="Student.Allen_plus.Allen_PlusscheduleTest" name="verifytodaybtn" time="0.025"/>
  <system-out/>
  <testcase classname="Student.Allen_plus.Allen_PlusscheduleTest" name="verifyhomepageimage" time="0.035"/>
  <system-out/>
  <testcase classname="Student.Allen_plus.Allen_PlusscheduleTest" name="verifysettingdropdown" time="2.181"/>
  <system-out/>
  <testcase classname="Student.Allen_plus.Allen_PlusscheduleTest" name="verifyclassisScheduledORnot" time="0.099"/>
  <system-out/>
  <testcase classname="Student.Allen_plus.Allen_PlusscheduleTest" name="verifyNotificatontext" time="1.109"/>
  <system-out/>
  <testcase classname="Student.Allen_plus.Allen_PlusscheduleTest" name="verifystreamename" time="0.053"/>
  <system-out/>
  <testcase classname="Student.Allen_plus.Allen_PlusscheduleTest" name="verifygreetingmsg" time="0.032"/>
  <system-out/>
  <testcase classname="Student.Allen_plus.Allen_PlusscheduleTest" name="verifycalendervisible_or_not" time="0.046"/>
  <system-out/>
  <testcase classname="Student.Allen_plus.Allen_PlusscheduleTest" name="verifynoticationbell" time="0.029"/>
  <system-out/>
</testsuite> <!-- Student.Allen_plus.Allen_PlusscheduleTest -->
